#
# There is insufficient memory for the Java Runtime Environment to continue.
# Native memory allocation (malloc) failed to allocate 132656 bytes for Chunk::new
# Possible reasons:
#   The system is out of physical RAM or swap space
#   In 32 bit mode, the process size limit was hit
# Possible solutions:
#   Reduce memory load on the system
#   Increase physical memory or swap space
#   Check if swap backing store is full
#   Use 64 bit Java on a 64 bit OS
#   Decrease Java heap size (-Xmx/-Xms)
#   Decrease number of Java threads
#
#  Out of Memory Error, pid=18020
#
Current thread (0x000000001753b000):  JavaThread "C2 CompilerThread0" daemon [_thread_in_native, id=27676, stack(0x0000000018bc0000,0x0000000018cc0000)]

Stack: [0x0000000018bc0000,0x0000000018cc0000]
[error occurred during error reporting (printing stack bounds), id 0xc0000005]

Native frames: (J=compiled Java code, j=interpreted, Vv=VM code, C=native code)


Current CompileTask:
C2:56171306 7743   !   4       org.apache.tomcat.util.net.NioEndpoint$Poller::timeout (493 bytes)


---------------  P R O C E S S  ---------------

Java Threads: ( => current thread )
  0x000000001bcc6000 JavaThread "HystrixTimer-2" daemon [_thread_blocked, id=8972, stack(0x0000000028f80000,0x0000000029080000)]
  0x000000001bcc5000 JavaThread "PollingServerListUpdater-1" daemon [_thread_blocked, id=26368, stack(0x0000000028e80000,0x0000000028f80000)]
  0x000000001bcc8000 JavaThread "HystrixTimer-1" daemon [_thread_blocked, id=17876, stack(0x0000000028a20000,0x0000000028b20000)]
  0x000000001bcc4800 JavaThread "RxComputationScheduler-1" daemon [_thread_blocked, id=10956, stack(0x0000000028920000,0x0000000028a20000)]
  0x000000001bcbc800 JavaThread "DataPublisher" daemon [_thread_blocked, id=12384, stack(0x0000000028820000,0x0000000028920000)]
  0x000000001bcc3800 JavaThread "PollingServerListUpdater-0" daemon [_thread_blocked, id=4652, stack(0x0000000028720000,0x0000000028820000)]
  0x000000001bcbc000 JavaThread "NFLoadBalancer-PingTimer-patient-service" daemon [_thread_blocked, id=24508, stack(0x0000000028620000,0x0000000028720000)]
  0x000000001bcc2800 JavaThread "RibbonApacheHttpClientConfiguration.connectionManagerTimer" daemon [_thread_blocked, id=1980, stack(0x0000000027fb0000,0x00000000280b0000)]
  0x000000001bcbb000 JavaThread "expiringMap-0" daemon [_thread_blocked, id=28616, stack(0x0000000027eb0000,0x0000000027fb0000)]
  0x000000001bcc2000 JavaThread "AsyncResolver-bootstrap-executor-0" daemon [_thread_blocked, id=12736, stack(0x0000000027bb0000,0x0000000027cb0000)]
  0x000000001bcc1000 JavaThread "DiscoveryClient-HeartbeatExecutor-0" daemon [_thread_blocked, id=2992, stack(0x0000000027ab0000,0x0000000027bb0000)]
  0x000000001bcb9800 JavaThread "DiscoveryClient-CacheRefreshExecutor-0" daemon [_thread_blocked, id=11984, stack(0x00000000279b0000,0x0000000027ab0000)]
  0x000000001bcba800 JavaThread "DestroyJavaVM" [_thread_blocked, id=16304, stack(0x0000000002810000,0x0000000002910000)]
  0x000000001bcc0800 JavaThread "http-nio-8765-AsyncTimeout" daemon [_thread_blocked, id=22112, stack(0x00000000277b0000,0x00000000278b0000)]
  0x000000001bcbf800 JavaThread "http-nio-8765-Acceptor-0" daemon [_thread_in_native, id=8208, stack(0x00000000276b0000,0x00000000277b0000)]
  0x000000001bcbe000 JavaThread "http-nio-8765-ClientPoller-1" daemon [_thread_in_native, id=24680, stack(0x00000000275b0000,0x00000000276b0000)]
  0x000000001bcbf000 JavaThread "http-nio-8765-ClientPoller-0" daemon [_thread_in_native, id=6696, stack(0x00000000274b0000,0x00000000275b0000)]
  0x000000001bcbd800 JavaThread "http-nio-8765-exec-10" daemon [_thread_blocked, id=7932, stack(0x00000000273b0000,0x00000000274b0000)]
  0x000000001a746800 JavaThread "http-nio-8765-exec-9" daemon [_thread_blocked, id=27528, stack(0x00000000272b0000,0x00000000273b0000)]
  0x000000001a73f000 JavaThread "http-nio-8765-exec-8" daemon [_thread_blocked, id=1604, stack(0x00000000271b0000,0x00000000272b0000)]
  0x000000001a742000 JavaThread "http-nio-8765-exec-7" daemon [_thread_blocked, id=8640, stack(0x00000000270b0000,0x00000000271b0000)]
  0x000000001a73f800 JavaThread "http-nio-8765-exec-6" daemon [_thread_blocked, id=9484, stack(0x0000000026fb0000,0x00000000270b0000)]
  0x000000001a745800 JavaThread "http-nio-8765-exec-5" daemon [_thread_blocked, id=24260, stack(0x0000000026eb0000,0x0000000026fb0000)]
  0x000000001a745000 JavaThread "http-nio-8765-exec-4" daemon [_thread_blocked, id=28604, stack(0x0000000026db0000,0x0000000026eb0000)]
  0x000000001a741000 JavaThread "http-nio-8765-exec-3" daemon [_thread_blocked, id=22576, stack(0x0000000026cb0000,0x0000000026db0000)]
  0x000000001a740800 JavaThread "http-nio-8765-exec-2" daemon [_thread_blocked, id=26480, stack(0x0000000026bb0000,0x0000000026cb0000)]
  0x000000001a744000 JavaThread "http-nio-8765-exec-1" daemon [_thread_blocked, id=15388, stack(0x0000000026ab0000,0x0000000026bb0000)]
  0x000000001a742800 JavaThread "NioBlockingSelector.BlockPoller-1" daemon [_thread_in_native, id=14932, stack(0x00000000269b0000,0x0000000026ab0000)]
  0x000000001a743800 JavaThread "DiscoveryClient-InstanceInfoReplicator-0" daemon [_thread_blocked, id=4888, stack(0x00000000268b0000,0x00000000269b0000)]
  0x000000001a738000 JavaThread "DiscoveryClient-1" daemon [_thread_blocked, id=15064, stack(0x00000000267b0000,0x00000000268b0000)]
  0x000000001a73e000 JavaThread "DiscoveryClient-0" daemon [_thread_blocked, id=4908, stack(0x00000000266b0000,0x00000000267b0000)]
  0x000000001a73c800 JavaThread "AsyncResolver-bootstrap-0" daemon [_thread_blocked, id=21864, stack(0x00000000262b0000,0x00000000263b0000)]
  0x000000001a73b000 JavaThread "Eureka-JerseyClient-Conn-Cleaner2" daemon [_thread_blocked, id=28360, stack(0x0000000024bf0000,0x0000000024cf0000)]
  0x000000001a73a800 JavaThread "SimpleHostRoutingFilter.connectionManagerTimer" daemon [_thread_blocked, id=9548, stack(0x0000000022530000,0x0000000022630000)]
  0x000000001a73c000 JavaThread "File Watcher" daemon [_thread_blocked, id=27944, stack(0x0000000022430000,0x0000000022530000)]
  0x000000001a739000 JavaThread "container-0" [_thread_blocked, id=11200, stack(0x0000000022330000,0x0000000022430000)]
  0x000000001a639800 JavaThread "ContainerBackgroundProcessor[StandardEngine[Tomcat]]" daemon [_thread_blocked, id=17012, stack(0x0000000022230000,0x0000000022330000)]
  0x000000001a638000 JavaThread "RxIoScheduler-1 (Evictor)" daemon [_thread_blocked, id=16772, stack(0x0000000021ac0000,0x0000000021bc0000)]
  0x000000001a637000 JavaThread "spring.cloud.inetutils" daemon [_thread_blocked, id=16460, stack(0x00000000219c0000,0x0000000021ac0000)]
  0x000000001a634000 JavaThread "SimplePauseDetectorThread_0" daemon [_thread_blocked, id=5520, stack(0x00000000218c0000,0x00000000219c0000)]
  0x000000001a635000 JavaThread "Thread-7" daemon [_thread_blocked, id=26016, stack(0x00000000217c0000,0x00000000218c0000)]
  0x00000000198d8000 JavaThread "Monitor Ctrl-Break" daemon [_thread_in_native, id=20008, stack(0x0000000019cc0000,0x0000000019dc0000)]
  0x0000000018dd8000 JavaThread "Service Thread" daemon [_thread_blocked, id=17732, stack(0x00000000192c0000,0x00000000193c0000)]
  0x0000000018dd3000 JavaThread "C1 CompilerThread2" daemon [_thread_blocked, id=8628, stack(0x00000000191c0000,0x00000000192c0000)]
  0x0000000017546000 JavaThread "C2 CompilerThread1" daemon [_thread_blocked, id=19468, stack(0x0000000018cc0000,0x0000000018dc0000)]
=>0x000000001753b000 JavaThread "C2 CompilerThread0" daemon [_thread_in_native, id=27676, stack(0x0000000018bc0000,0x0000000018cc0000)]
  0x0000000017539000 JavaThread "Attach Listener" daemon [_thread_blocked, id=13616, stack(0x0000000018ac0000,0x0000000018bc0000)]
  0x0000000017537800 JavaThread "Signal Dispatcher" daemon [_thread_blocked, id=22276, stack(0x00000000189c0000,0x0000000018ac0000)]
  0x0000000002a0e800 JavaThread "Finalizer" daemon [_thread_blocked, id=19620, stack(0x00000000187b0000,0x00000000188b0000)]
  0x0000000002a09000 JavaThread "Reference Handler" daemon [_thread_blocked, id=8336, stack(0x00000000186b0000,0x00000000187b0000)]

Other Threads:
  0x00000000174f7800 VMThread [stack: 0x00000000185b0000,0x00000000186b0000] [id=27456]
  0x0000000018e85000 WatcherThread [stack: 0x00000000193c0000,0x00000000194c0000] [id=4204]

VM state:not at safepoint (normal execution)

VM Mutex/Monitor currently owned by a thread: None

Heap:
 PSYoungGen      total 328704K, used 195485K [0x00000000d5f80000, 0x00000000eb300000, 0x0000000100000000)
  eden space 316928K, 61% used [0x00000000d5f80000,0x00000000e1e677f0,0x00000000e9500000)
  from space 11776K, 0% used [0x00000000ea280000,0x00000000ea280000,0x00000000eae00000)
  to   space 5120K, 0% used [0x00000000eae00000,0x00000000eae00000,0x00000000eb300000)
 ParOldGen       total 132608K, used 45663K [0x0000000081e00000, 0x0000000089f80000, 0x00000000d5f80000)
  object space 132608K, 34% used [0x0000000081e00000,0x0000000084a97fa8,0x0000000089f80000)
 Metaspace       used 62394K, capacity 65058K, committed 65112K, reserved 1105920K
  class space    used 8305K, capacity 8791K, committed 8832K, reserved 1048576K

Card table byte_map: [0x0000000011dd0000,0x00000000121d0000] byte_map_base: 0x00000000119c1000

Marking Bits: (ParMarkBitMap*) 0x00000000577db6d0
 Begin Bits: [0x0000000012880000, 0x0000000014808000)
 End Bits:   [0x0000000014808000, 0x0000000016790000)

Polling page: 0x0000000000b60000

CodeCache: size=245760Kb used=21320Kb max_used=21332Kb free=224439Kb
 bounds [0x0000000002a10000, 0x0000000003f00000, 0x0000000011a10000]
 total_blobs=6989 nmethods=6448 adapters=452
 compilation: enabled

Compilation events (10 events):
Event: 56139.112 Thread 0x0000000018dd3000 nmethod 7738 0x0000000003eeee90 code [0x0000000003eef000, 0x0000000003eef208]
Event: 56139.112 Thread 0x0000000018dd3000 7739       3       com.sun.jersey.core.util.KeyComparatorLinkedHashMap::<init> (11 bytes)
Event: 56139.112 Thread 0x0000000018dd3000 nmethod 7739 0x0000000003eeead0 code [0x0000000003eeec40, 0x0000000003eeede8]
Event: 56139.112 Thread 0x0000000018dd3000 7740       3       com.sun.jersey.core.util.KeyComparatorLinkedHashMap::init (35 bytes)
Event: 56139.112 Thread 0x0000000018dd3000 nmethod 7740 0x0000000003ef9a90 code [0x0000000003ef9c00, 0x0000000003ef9f10]
Event: 56139.112 Thread 0x0000000018dd3000 7741       3       java.util.zip.CRC32::update (13 bytes)
Event: 56139.112 Thread 0x0000000018dd3000 nmethod 7741 0x0000000003efa090 code [0x0000000003efa200, 0x0000000003efa390]
Event: 56139.364 Thread 0x0000000017546000 7742   !   4       rx.internal.operators.OperatorMerge$MergeSubscriber::emit (39 bytes)
Event: 56139.366 Thread 0x0000000017546000 nmethod 7742 0x0000000003efd2d0 code [0x0000000003efd420, 0x0000000003efd708]
Event: 56146.374 Thread 0x000000001753b000 7743   !   4       org.apache.tomcat.util.net.NioEndpoint$Poller::timeout (493 bytes)

GC Heap History (10 events):
Event: 14.209 GC heap before
{Heap before GC invocations=12 (full 2):
 PSYoungGen      total 201728K, used 190464K [0x00000000d5f80000, 0x00000000e7d80000, 0x0000000100000000)
  eden space 190464K, 100% used [0x00000000d5f80000,0x00000000e1980000,0x00000000e1980000)
  from space 11264K, 0% used [0x00000000e1980000,0x00000000e1980000,0x00000000e2480000)
  to   space 12800K, 0% used [0x00000000e7100000,0x00000000e7100000,0x00000000e7d80000)
 ParOldGen       total 80896K, used 16790K [0x0000000081e00000, 0x0000000086d00000, 0x00000000d5f80000)
  object space 80896K, 20% used [0x0000000081e00000,0x0000000082e65a68,0x0000000086d00000)
 Metaspace       used 40619K, capacity 42280K, committed 42456K, reserved 1085440K
  class space    used 5243K, capacity 5565K, committed 5632K, reserved 1048576K
Event: 14.233 GC heap after
Heap after GC invocations=12 (full 2):
 PSYoungGen      total 265216K, used 12775K [0x00000000d5f80000, 0x00000000e7d80000, 0x0000000100000000)
  eden space 252416K, 0% used [0x00000000d5f80000,0x00000000d5f80000,0x00000000e5600000)
  from space 12800K, 99% used [0x00000000e7100000,0x00000000e7d79f08,0x00000000e7d80000)
  to   space 14848K, 0% used [0x00000000e6080000,0x00000000e6080000,0x00000000e6f00000)
 ParOldGen       total 80896K, used 18792K [0x0000000081e00000, 0x0000000086d00000, 0x00000000d5f80000)
  object space 80896K, 23% used [0x0000000081e00000,0x000000008305a108,0x0000000086d00000)
 Metaspace       used 40619K, capacity 42280K, committed 42456K, reserved 1085440K
  class space    used 5243K, capacity 5565K, committed 5632K, reserved 1048576K
}
Event: 20.416 GC heap before
{Heap before GC invocations=13 (full 2):
 PSYoungGen      total 265216K, used 265191K [0x00000000d5f80000, 0x00000000e7d80000, 0x0000000100000000)
  eden space 252416K, 100% used [0x00000000d5f80000,0x00000000e5600000,0x00000000e5600000)
  from space 12800K, 99% used [0x00000000e7100000,0x00000000e7d79f08,0x00000000e7d80000)
  to   space 14848K, 0% used [0x00000000e6080000,0x00000000e6080000,0x00000000e6f00000)
 ParOldGen       total 80896K, used 18792K [0x0000000081e00000, 0x0000000086d00000, 0x00000000d5f80000)
  object space 80896K, 23% used [0x0000000081e00000,0x000000008305a108,0x0000000086d00000)
 Metaspace       used 44662K, capacity 46450K, committed 46680K, reserved 1089536K
  class space    used 5816K, capacity 6199K, committed 6272K, reserved 1048576K
Event: 20.471 GC heap after
Heap after GC invocations=13 (full 2):
 PSYoungGen      total 278016K, used 8960K [0x00000000d5f80000, 0x00000000ebf00000, 0x0000000100000000)
  eden space 263168K, 0% used [0x00000000d5f80000,0x00000000d5f80000,0x00000000e6080000)
  from space 14848K, 60% used [0x00000000e6080000,0x00000000e6940210,0x00000000e6f00000)
  to   space 14848K, 0% used [0x00000000eb080000,0x00000000eb080000,0x00000000ebf00000)
 ParOldGen       total 80896K, used 29681K [0x0000000081e00000, 0x0000000086d00000, 0x00000000d5f80000)
  object space 80896K, 36% used [0x0000000081e00000,0x0000000083afc510,0x0000000086d00000)
 Metaspace       used 44662K, capacity 46450K, committed 46680K, reserved 1089536K
  class space    used 5816K, capacity 6199K, committed 6272K, reserved 1048576K
}
Event: 24.684 GC heap before
{Heap before GC invocations=14 (full 2):
 PSYoungGen      total 278016K, used 272128K [0x00000000d5f80000, 0x00000000ebf00000, 0x0000000100000000)
  eden space 263168K, 100% used [0x00000000d5f80000,0x00000000e6080000,0x00000000e6080000)
  from space 14848K, 60% used [0x00000000e6080000,0x00000000e6940210,0x00000000e6f00000)
  to   space 14848K, 0% used [0x00000000eb080000,0x00000000eb080000,0x00000000ebf00000)
 ParOldGen       total 80896K, used 29681K [0x0000000081e00000, 0x0000000086d00000, 0x00000000d5f80000)
  object space 80896K, 36% used [0x0000000081e00000,0x0000000083afc510,0x0000000086d00000)
 Metaspace       used 48005K, capacity 50178K, committed 50264K, reserved 1093632K
  class space    used 6289K, capacity 6705K, committed 6784K, reserved 1048576K
Event: 24.731 GC heap after
Heap after GC invocations=14 (full 2):
 PSYoungGen      total 345600K, used 9652K [0x00000000d5f80000, 0x00000000eca80000, 0x0000000100000000)
  eden space 330752K, 0% used [0x00000000d5f80000,0x00000000d5f80000,0x00000000ea280000)
  from space 14848K, 65% used [0x00000000eb080000,0x00000000eb9ed2b0,0x00000000ebf00000)
  to   space 14336K, 0% used [0x00000000ea280000,0x00000000ea280000,0x00000000eb080000)
 ParOldGen       total 80896K, used 35609K [0x0000000081e00000, 0x0000000086d00000, 0x00000000d5f80000)
  object space 80896K, 44% used [0x0000000081e00000,0x00000000840c6560,0x0000000086d00000)
 Metaspace       used 48005K, capacity 50178K, committed 50264K, reserved 1093632K
  class space    used 6289K, capacity 6705K, committed 6784K, reserved 1048576K
}
Event: 868.273 GC heap before
{Heap before GC invocations=15 (full 2):
 PSYoungGen      total 345600K, used 192332K [0x00000000d5f80000, 0x00000000eca80000, 0x0000000100000000)
  eden space 330752K, 55% used [0x00000000d5f80000,0x00000000e11e5d88,0x00000000ea280000)
  from space 14848K, 65% used [0x00000000eb080000,0x00000000eb9ed2b0,0x00000000ebf00000)
  to   space 14336K, 0% used [0x00000000ea280000,0x00000000ea280000,0x00000000eb080000)
 ParOldGen       total 80896K, used 35609K [0x0000000081e00000, 0x0000000086d00000, 0x00000000d5f80000)
  object space 80896K, 44% used [0x0000000081e00000,0x00000000840c6560,0x0000000086d00000)
 Metaspace       used 56449K, capacity 58836K, committed 58968K, reserved 1099776K
  class space    used 7463K, capacity 7942K, committed 8064K, reserved 1048576K
Event: 868.301 GC heap after
Heap after GC invocations=15 (full 2):
 PSYoungGen      total 328704K, used 11674K [0x00000000d5f80000, 0x00000000eb300000, 0x0000000100000000)
  eden space 316928K, 0% used [0x00000000d5f80000,0x00000000d5f80000,0x00000000e9500000)
  from space 11776K, 99% used [0x00000000ea280000,0x00000000eade6a30,0x00000000eae00000)
  to   space 5120K, 0% used [0x00000000eae00000,0x00000000eae00000,0x00000000eb300000)
 ParOldGen       total 80896K, used 42201K [0x0000000081e00000, 0x0000000086d00000, 0x00000000d5f80000)
  object space 80896K, 52% used [0x0000000081e00000,0x0000000084736600,0x0000000086d00000)
 Metaspace       used 56449K, capacity 58836K, committed 58968K, reserved 1099776K
  class space    used 7463K, capacity 7942K, committed 8064K, reserved 1048576K
}
Event: 868.301 GC heap before
{Heap before GC invocations=16 (full 3):
 PSYoungGen      total 328704K, used 11674K [0x00000000d5f80000, 0x00000000eb300000, 0x0000000100000000)
  eden space 316928K, 0% used [0x00000000d5f80000,0x00000000d5f80000,0x00000000e9500000)
  from space 11776K, 99% used [0x00000000ea280000,0x00000000eade6a30,0x00000000eae00000)
  to   space 5120K, 0% used [0x00000000eae00000,0x00000000eae00000,0x00000000eb300000)
 ParOldGen       total 80896K, used 42201K [0x0000000081e00000, 0x0000000086d00000, 0x00000000d5f80000)
  object space 80896K, 52% used [0x0000000081e00000,0x0000000084736600,0x0000000086d00000)
 Metaspace       used 56449K, capacity 58836K, committed 58968K, reserved 1099776K
  class space    used 7463K, capacity 7942K, committed 8064K, reserved 1048576K
Event: 868.685 GC heap after
Heap after GC invocations=16 (full 3):
 PSYoungGen      total 328704K, used 0K [0x00000000d5f80000, 0x00000000eb300000, 0x0000000100000000)
  eden space 316928K, 0% used [0x00000000d5f80000,0x00000000d5f80000,0x00000000e9500000)
  from space 11776K, 0% used [0x00000000ea280000,0x00000000ea280000,0x00000000eae00000)
  to   space 5120K, 0% used [0x00000000eae00000,0x00000000eae00000,0x00000000eb300000)
 ParOldGen       total 132608K, used 45663K [0x0000000081e00000, 0x0000000089f80000, 0x00000000d5f80000)
  object space 132608K, 34% used [0x0000000081e00000,0x0000000084a97fa8,0x0000000089f80000)
 Metaspace       used 56449K, capacity 58836K, committed 58968K, reserved 1099776K
  class space    used 7463K, capacity 7942K, committed 8064K, reserved 1048576K
}

Deoptimization events (10 events):
Event: 2323.249 Thread 0x000000001bcbe000 Uncommon trap: reason=unstable_if action=reinterpret pc=0x0000000003a4c5fc method=sun.nio.ch.SelectorImpl.processDeregisterQueue()V @ 15
Event: 2323.253 Thread 0x000000001a744000 Uncommon trap: reason=unstable_if action=reinterpret pc=0x00000000030aeb48 method=java.util.HashMap.putVal(ILjava/lang/Object;Ljava/lang/Object;ZZ)Ljava/lang/Object; @ 162
Event: 2323.254 Thread 0x000000001a744000 Uncommon trap: reason=unstable_if action=reinterpret pc=0x0000000002d8b1e8 method=java.util.HashMap.resize()[Ljava/util/HashMap$Node; @ 206
Event: 2334.532 Thread 0x000000001a741000 Uncommon trap: reason=unstable_if action=reinterpret pc=0x0000000003ac9840 method=java.nio.Buffer.limit(I)Ljava/nio/Buffer; @ 33
Event: 2334.550 Thread 0x000000001a741000 Uncommon trap: reason=bimorphic action=maybe_recompile pc=0x0000000003b8b4fc method=java.util.AbstractList$Itr.next()Ljava/lang/Object; @ 14
Event: 2334.573 Thread 0x000000001a741000 Uncommon trap: reason=bimorphic action=maybe_recompile pc=0x0000000003b8b4fc method=java.util.AbstractList$Itr.next()Ljava/lang/Object; @ 14
Event: 2334.574 Thread 0x000000001a741000 Uncommon trap: reason=bimorphic action=maybe_recompile pc=0x0000000003b8b4fc method=java.util.AbstractList$Itr.next()Ljava/lang/Object; @ 14
Event: 2334.574 Thread 0x000000001a741000 Uncommon trap: reason=bimorphic action=maybe_recompile pc=0x0000000003b8b4fc method=java.util.AbstractList$Itr.next()Ljava/lang/Object; @ 14
Event: 2351.297 Thread 0x000000001a745000 Uncommon trap: reason=unstable_if action=reinterpret pc=0x0000000002fbbd08 method=java.lang.String$CaseInsensitiveComparator.compare(Ljava/lang/String;Ljava/lang/String;)I @ 70
Event: 2412.357 Thread 0x000000001bcbf000 Uncommon trap: reason=unstable_if action=reinterpret pc=0x0000000002d1f4d4 method=sun.nio.ch.SelectorImpl.processDeregisterQueue()V @ 15

Internal exceptions (10 events):
Event: 2729.196 Thread 0x000000001bcc1000 Exception <a 'java/net/SocketTimeoutException': Read timed out> (0x00000000e16dfa18) thrown at [C:\re\workspace\8-2-build-windows-amd64-cygwin\jdk8u121\8372\hotspot\src\share\vm\prims\jni.cpp, line 735]
Event: 2759.169 Thread 0x000000001bcb9800 Exception <a 'java/net/SocketTimeoutException': Read timed out> (0x00000000e0aa49a8) thrown at [C:\re\workspace\8-2-build-windows-amd64-cygwin\jdk8u121\8372\hotspot\src\share\vm\prims\jni.cpp, line 735]
Event: 2759.202 Thread 0x000000001bcc1000 Exception <a 'java/net/SocketTimeoutException': Read timed out> (0x00000000e16ea0f8) thrown at [C:\re\workspace\8-2-build-windows-amd64-cygwin\jdk8u121\8372\hotspot\src\share\vm\prims\jni.cpp, line 735]
Event: 2789.174 Thread 0x000000001bcb9800 Exception <a 'java/net/SocketTimeoutException': Read timed out> (0x00000000e183bbf0) thrown at [C:\re\workspace\8-2-build-windows-amd64-cygwin\jdk8u121\8372\hotspot\src\share\vm\prims\jni.cpp, line 735]
Event: 2789.208 Thread 0x000000001bcc1000 Exception <a 'java/net/SocketTimeoutException': Read timed out> (0x00000000e16f47d8) thrown at [C:\re\workspace\8-2-build-windows-amd64-cygwin\jdk8u121\8372\hotspot\src\share\vm\prims\jni.cpp, line 735]
Event: 2819.180 Thread 0x000000001bcb9800 Exception <a 'java/net/SocketTimeoutException': Read timed out> (0x00000000e1845d98) thrown at [C:\re\workspace\8-2-build-windows-amd64-cygwin\jdk8u121\8372\hotspot\src\share\vm\prims\jni.cpp, line 735]
Event: 2819.215 Thread 0x000000001bcc1000 Exception <a 'java/net/SocketTimeoutException': Read timed out> (0x00000000e16feeb8) thrown at [C:\re\workspace\8-2-build-windows-amd64-cygwin\jdk8u121\8372\hotspot\src\share\vm\prims\jni.cpp, line 735]
Event: 56109.086 Thread 0x000000001bcb9800 Exception <a 'java/net/SocketTimeoutException': Read timed out> (0x00000000e1861df0) thrown at [C:\re\workspace\8-2-build-windows-amd64-cygwin\jdk8u121\8372\hotspot\src\share\vm\prims\jni.cpp, line 735]
Event: 56139.085 Thread 0x000000001bcc1000 Exception <a 'java/net/SocketTimeoutException': Read timed out> (0x00000000e172ca20) thrown at [C:\re\workspace\8-2-build-windows-amd64-cygwin\jdk8u121\8372\hotspot\src\share\vm\prims\jni.cpp, line 735]
Event: 56139.103 Thread 0x000000001bcb9800 Exception <a 'java/net/SocketTimeoutException': Read timed out> (0x00000000e186bfb0) thrown at [C:\re\workspace\8-2-build-windows-amd64-cygwin\jdk8u121\8372\hotspot\src\share\vm\prims\jni.cpp, line 735]

Events (10 events):
Event: 56109.070 Thread 0x0000000018dd3000 flushing nmethod 0x000000000334ee90
Event: 56109.082 Thread 0x0000000018dd3000 flushing nmethod 0x0000000003ac9650
Event: 56109.084 Thread 0x0000000018dd3000 flushing nmethod 0x0000000003b8b290
Event: 56109.084 Executing VM operation: RevokeBias
Event: 56109.084 Executing VM operation: RevokeBias done
Event: 56109.085 Thread 0x0000000018dd3000 flushing nmethod 0x0000000003d37310
Event: 56124.551 Executing VM operation: RevokeBias
Event: 56124.552 Executing VM operation: RevokeBias done
Event: 56139.091 Thread 0x000000001bcc1000 DEOPT PACKING pc=0x0000000002c4aa10 sp=0x0000000027baef50
Event: 56139.091 Thread 0x000000001bcc1000 DEOPT UNPACKING pc=0x0000000002a5787f sp=0x0000000027baecf0 mode 0


Dynamic libraries:
0x00007ff734520000 - 0x00007ff734557000 	C:\Program Files\Java\jdk1.8.0_121\bin\java.exe
0x00007ffd1e010000 - 0x00007ffd1e1f1000 	C:\WINDOWS\SYSTEM32\ntdll.dll
0x00007ffd0a210000 - 0x00007ffd0a244000 	C:\Program Files\AVAST Software\Avast\x64\aswhooka.dll
0x00007ffd1c0d0000 - 0x00007ffd1c182000 	C:\WINDOWS\System32\KERNEL32.DLL
0x00007ffd1a3e0000 - 0x00007ffd1a653000 	C:\WINDOWS\System32\KERNELBASE.dll
0x00007ffd1b9e0000 - 0x00007ffd1ba81000 	C:\WINDOWS\System32\ADVAPI32.dll
0x00007ffd1b690000 - 0x00007ffd1b72e000 	C:\WINDOWS\System32\msvcrt.dll
0x00007ffd1da60000 - 0x00007ffd1dabb000 	C:\WINDOWS\System32\sechost.dll
0x00007ffd1b4a0000 - 0x00007ffd1b5c4000 	C:\WINDOWS\System32\RPCRT4.dll
0x00007ffd1bbc0000 - 0x00007ffd1bd50000 	C:\WINDOWS\System32\USER32.dll
0x00007ffd1b480000 - 0x00007ffd1b4a0000 	C:\WINDOWS\System32\win32u.dll
0x00007ffd1bb00000 - 0x00007ffd1bb28000 	C:\WINDOWS\System32\GDI32.dll
0x00007ffd1af20000 - 0x00007ffd1b0b2000 	C:\WINDOWS\System32\gdi32full.dll
0x00007ffd1b3e0000 - 0x00007ffd1b47f000 	C:\WINDOWS\System32\msvcp_win.dll
0x00007ffd1ae20000 - 0x00007ffd1af1a000 	C:\WINDOWS\System32\ucrtbase.dll
0x00007ffd0a540000 - 0x00007ffd0a7a9000 	C:\WINDOWS\WinSxS\amd64_microsoft.windows.common-controls_6595b64144ccf1df_6.0.17134.345_none_fb429a5930656358\COMCTL32.dll
0x00007ffd1d5e0000 - 0x00007ffd1d903000 	C:\WINDOWS\System32\combase.dll
0x00007ffd1b2b0000 - 0x00007ffd1b32a000 	C:\WINDOWS\System32\bcryptPrimitives.dll
0x00007ffd1bb90000 - 0x00007ffd1bbbd000 	C:\WINDOWS\System32\IMM32.DLL
0x0000000056910000 - 0x00000000569e2000 	C:\Program Files\Java\jdk1.8.0_121\jre\bin\msvcr100.dll
0x0000000056fc0000 - 0x000000005785b000 	C:\Program Files\Java\jdk1.8.0_121\jre\bin\server\jvm.dll
0x00007ffd1b670000 - 0x00007ffd1b678000 	C:\WINDOWS\System32\PSAPI.DLL
0x00007ffd056d0000 - 0x00007ffd056d9000 	C:\WINDOWS\SYSTEM32\WSOCK32.dll
0x00007ffd1ba90000 - 0x00007ffd1bafc000 	C:\WINDOWS\System32\WS2_32.dll
0x00007ffd180e0000 - 0x00007ffd18103000 	C:\WINDOWS\SYSTEM32\WINMM.dll
0x00007ffd09de0000 - 0x00007ffd09dea000 	C:\WINDOWS\SYSTEM32\VERSION.dll
0x00007ffd180b0000 - 0x00007ffd180da000 	C:\WINDOWS\SYSTEM32\WINMMBASE.dll
0x00007ffd1b390000 - 0x00007ffd1b3d9000 	C:\WINDOWS\System32\cfgmgr32.dll
0x00000000582b0000 - 0x00000000582bf000 	C:\Program Files\Java\jdk1.8.0_121\jre\bin\verify.dll
0x0000000058250000 - 0x0000000058279000 	C:\Program Files\Java\jdk1.8.0_121\jre\bin\java.dll
0x0000000058290000 - 0x00000000582a6000 	C:\Program Files\Java\jdk1.8.0_121\jre\bin\zip.dll
0x00007ffd1c190000 - 0x00007ffd1d5cf000 	C:\WINDOWS\System32\SHELL32.dll
0x00007ffd1b7d0000 - 0x00007ffd1b879000 	C:\WINDOWS\System32\shcore.dll
0x00007ffd1a660000 - 0x00007ffd1ad6d000 	C:\WINDOWS\System32\windows.storage.dll
0x00007ffd1c070000 - 0x00007ffd1c0c1000 	C:\WINDOWS\System32\shlwapi.dll
0x00007ffd1a3a0000 - 0x00007ffd1a3b1000 	C:\WINDOWS\System32\kernel.appcore.dll
0x00007ffd1a380000 - 0x00007ffd1a39f000 	C:\WINDOWS\System32\profapi.dll
0x00007ffd1a320000 - 0x00007ffd1a36c000 	C:\WINDOWS\System32\powrprof.dll
0x00007ffd1a370000 - 0x00007ffd1a37a000 	C:\WINDOWS\System32\FLTLIB.DLL
0x00007ffd14da0000 - 0x00007ffd14db0000 	C:\Program Files (x86)\JetBrains\IntelliJ IDEA 2016.3.5\bin\breakgen64.dll
0x0000000058230000 - 0x000000005824a000 	C:\Program Files\Java\jdk1.8.0_121\jre\bin\net.dll
0x00007ffd19b40000 - 0x00007ffd19ba6000 	C:\WINDOWS\system32\mswsock.dll
0x00007ffd198c0000 - 0x00007ffd198f8000 	C:\WINDOWS\SYSTEM32\IPHLPAPI.DLL
0x00007ffd1b680000 - 0x00007ffd1b688000 	C:\WINDOWS\System32\NSI.dll
0x00007ffd10260000 - 0x00007ffd10276000 	C:\WINDOWS\SYSTEM32\dhcpcsvc6.DLL
0x00007ffd10240000 - 0x00007ffd1025a000 	C:\WINDOWS\SYSTEM32\dhcpcsvc.DLL
0x00007ffd19900000 - 0x00007ffd199be000 	C:\WINDOWS\SYSTEM32\DNSAPI.dll
0x0000000056ce0000 - 0x0000000056ced000 	C:\Program Files\Java\jdk1.8.0_121\jre\bin\management.dll
0x0000000057d50000 - 0x0000000057d61000 	C:\Program Files\Java\jdk1.8.0_121\jre\bin\nio.dll
0x00007ffd06970000 - 0x00007ffd06986000 	C:\WINDOWS\system32\napinsp.dll
0x00007ffd06950000 - 0x00007ffd0696a000 	C:\WINDOWS\system32\pnrpnsp.dll
0x00007ffd168c0000 - 0x00007ffd168d9000 	C:\WINDOWS\system32\NLAapi.dll
0x00007ffd06940000 - 0x00007ffd0694e000 	C:\WINDOWS\System32\winrnr.dll
0x00007ffd0ce90000 - 0x00007ffd0ce9a000 	C:\Windows\System32\rasadhlp.dll
0x00007ffd0dbd0000 - 0x00007ffd0dc42000 	C:\WINDOWS\System32\fwpuclnt.dll
0x00007ffd19e20000 - 0x00007ffd19e45000 	C:\WINDOWS\SYSTEM32\bcrypt.dll
0x00007ffd19cf0000 - 0x00007ffd19d07000 	C:\WINDOWS\SYSTEM32\CRYPTSP.dll
0x00007ffd19720000 - 0x00007ffd19753000 	C:\WINDOWS\system32\rsaenh.dll
0x00007ffd1a250000 - 0x00007ffd1a278000 	C:\WINDOWS\SYSTEM32\USERENV.dll
0x00007ffd19d10000 - 0x00007ffd19d1b000 	C:\WINDOWS\SYSTEM32\CRYPTBASE.dll
0x0000000056a30000 - 0x0000000056a54000 	C:\Program Files\Java\jdk1.8.0_121\jre\bin\sunec.dll

VM Arguments:
jvm_args: -Dspring.output.ansi.enabled=always -Didea.launcher.port=7534 -Didea.launcher.bin.path=C:\Program Files (x86)\JetBrains\IntelliJ IDEA 2016.3.5\bin -Dfile.encoding=UTF-8 
java_command: com.intellij.rt.execution.application.AppMain nl.huisartsPortal.microservices.netflixzuulapigatewayserver.NetflixZuulApiGatewayServerApplication
java_class_path (initial): C:\Program Files\Java\jdk1.8.0_121\jre\lib\charsets.jar;C:\Program Files\Java\jdk1.8.0_121\jre\lib\deploy.jar;C:\Program Files\Java\jdk1.8.0_121\jre\lib\ext\access-bridge-64.jar;C:\Program Files\Java\jdk1.8.0_121\jre\lib\ext\cldrdata.jar;C:\Program Files\Java\jdk1.8.0_121\jre\lib\ext\dnsns.jar;C:\Program Files\Java\jdk1.8.0_121\jre\lib\ext\jaccess.jar;C:\Program Files\Java\jdk1.8.0_121\jre\lib\ext\jfxrt.jar;C:\Program Files\Java\jdk1.8.0_121\jre\lib\ext\localedata.jar;C:\Program Files\Java\jdk1.8.0_121\jre\lib\ext\nashorn.jar;C:\Program Files\Java\jdk1.8.0_121\jre\lib\ext\sunec.jar;C:\Program Files\Java\jdk1.8.0_121\jre\lib\ext\sunjce_provider.jar;C:\Program Files\Java\jdk1.8.0_121\jre\lib\ext\sunmscapi.jar;C:\Program Files\Java\jdk1.8.0_121\jre\lib\ext\sunpkcs11.jar;C:\Program Files\Java\jdk1.8.0_121\jre\lib\ext\zipfs.jar;C:\Program Files\Java\jdk1.8.0_121\jre\lib\javaws.jar;C:\Program Files\Java\jdk1.8.0_121\jre\lib\jce.jar;C:\Program Files\Java\jdk1.8.0_121\jre\lib\jfr.jar;C:\Program Files\Java\jdk1.8.0_121\jre\lib\jfxswt.jar;C:\Program Files\Java\jdk1.8.0_121\jre\lib\jsse.jar;C:\Program Files\Java\jdk1.8.0_121\jre\lib\management-agent.jar;C:\Program Files\Java\jdk1.8.0_121\jre\lib\plugin.jar;C:\Program Files\Java\jdk1.8.0_121\jre\lib\resources.jar;C:\Program Files\Java\jdk1.8.0_121\jre\lib\rt.jar;C:\Users\tarik\IdeaProjects\HuisartsPortal\netflix-zuul-api-gateway-server\target\classes;C:\Users\tarik\.m2\repository\org\springframework\boot\spring-boot-starter-actuator\2.0.6.RELEASE\spring-boot-starter-actuator-2.0.6.RELEASE.jar;C:\Users\tarik\.m2\repository\org\springframework\boot\spring-boot-starter\2.0.6.RELEASE\spring-boot-starter-2.0.6.RELEASE.jar;C:\Users\tarik\.m2\repository\org\springframework\boot\spring-boot-starter-logging\2.0.6.RELEASE\spring-boot-starter-logging-2.0.6.RELEASE.jar;C:\Users\tarik\.m2\repository\ch\qos\logback\logback-classic\1.2.3\logback-classic-1.2.3.jar;C:\Users\tarik\.m2\repository\ch\qos\logback\logbac
Launcher Type: SUN_STANDARD

Environment Variables:
JAVA_HOME=C:\Program Files\Java\jdk1.8.0_121
PATH=C:\ProgramData\Oracle\Java\javapath;C:\WINDOWS\system32;C:\WINDOWS;C:\WINDOWS\System32\Wbem;C:\WINDOWS\System32\WindowsPowerShell\v1.0\;C:\Program Files (x86)\Common Files\lenovo\easyplussdk\bin;C:\Program Files\Java\jdk1.8.0_121\bin;C:\Program Files\Java\jre1.8.0_121\bin;C:\Users\tarik\AppData\Local\Android\sdk\platform-tools;C:\Windows\System32;C:\Program Files\Git\cmd;C:\Program Files\PuTTY\;C:\Program Files\Intel\WiFi\bin\;C:\Program Files\Common Files\Intel\WirelessCommon\;C:\Program Files\MySQL\MySQL Utilities 1.6\;C:\Program Files\nodejs\;C:\xampp\php;C:\ProgramData\ComposerSetup\bin;C:\WINDOWS\System32\OpenSSH\;C:\Program Files\apache-maven-3.5.4\bin;C:\Windows\System32;C:\Users\tarik\AppData\Local\Microsoft\WindowsApps;C:\Users\tarik\AppData\Roaming\npm;C:\Users\tarik\AppData\Roaming\Composer\vendor\bin;;C:\Program Files\Docker Toolbox
USERNAME=tarik
OS=Windows_NT
PROCESSOR_IDENTIFIER=Intel64 Family 6 Model 78 Stepping 3, GenuineIntel



---------------  S Y S T E M  ---------------

OS: Windows 10.0 , 64 bit Build 17134 (10.0.17134.1)

CPU:total 4 (2 cores per cpu, 2 threads per core) family 6 model 78 stepping 3, cmov, cx8, fxsr, mmx, sse, sse2, sse3, ssse3, sse4.1, sse4.2, popcnt, avx, avx2, aes, clmul, erms, rtm, 3dnowpref, lzcnt, ht, tsc, tscinvbit, bmi1, bmi2, adx

Memory: 4k page, physical 8265120k(1002688k free), swap 12913580k(0k free)

vm_info: Java HotSpot(TM) 64-Bit Server VM (25.121-b13) for windows-amd64 JRE (1.8.0_121-b13), built on Dec 12 2016 18:21:36 by "java_re" with MS VC++ 10.0 (VS2010)

time: Wed Oct 31 08:39:57 2018
elapsed time: 56146 seconds (0d 15h 35m 46s)

